{"failedCount":1,"prefixedPath":"classpath:ID_005_krtestoas_simulate_fault_POST_verified.feature","packageQualifiedName":"ID_005_krtestoas_simulate_fault_POST_verified","loopIndex":-1,"relativePath":"ID_005_krtestoas_simulate_fault_POST_verified.feature","scenarioResults":[{"sectionIndex":0,"stepResults":[{"result":{"nanos":4170900,"startTime":1742993027935,"endTime":1742993027939,"millis":4.1709,"status":"passed"},"step":{"line":3,"prefix":"Given","index":0,"text":"url 'http:\/\/192.168.1.109:12384\/simulate\/fault'"}},{"result":{"nanos":93675100,"errorMessage":"js failed:\n>>>>\n01: username='admin' and password='password'\n<<<<\norg.graalvm.polyglot.PolyglotException: SyntaxError: Unnamed:1:17 Expected ; but found and\r\nusername='admin' and password='password'\r\n                 ^\n\n- org.graalvm.polyglot.Context.eval(Context.java:425)\n- com.intuit.karate.graal.JsEngine.evalForValue(JsEngine.java:169)\n- com.intuit.karate.graal.JsEngine.eval(JsEngine.java:165)\n- com.intuit.karate.core.ScenarioEngine.evalJs(ScenarioEngine.java:1286)\n- com.intuit.karate.core.ScenarioEngine.evalKarateExpression(ScenarioEngine.java:2238)\n- com.intuit.karate.core.ScenarioEngine.evalKarateExpression(ScenarioEngine.java:2157)\n- com.intuit.karate.core.ScenarioEngine.request(ScenarioEngine.java:541)\n\nclasspath:ID_005_krtestoas_simulate_fault_POST_verified.feature:4","startTime":1742993027940,"endTime":1742993028034,"millis":93.6751,"status":"failed"},"step":{"line":4,"prefix":"And","index":1,"text":"request username='admin' and password='password'"},"stepLog":"14:43:48.034 classpath:ID_005_krtestoas_simulate_fault_POST_verified.feature:4\nAnd request username='admin' and password='password'\njs failed:\n>>>>\n01: username='admin' and password='password'\n<<<<\norg.graalvm.polyglot.PolyglotException: SyntaxError: Unnamed:1:17 Expected ; but found and\r\nusername='admin' and password='password'\r\n                 ^\n\n- org.graalvm.polyglot.Context.eval(Context.java:425)\n- com.intuit.karate.graal.JsEngine.evalForValue(JsEngine.java:169)\n- com.intuit.karate.graal.JsEngine.eval(JsEngine.java:165)\n- com.intuit.karate.core.ScenarioEngine.evalJs(ScenarioEngine.java:1286)\n- com.intuit.karate.core.ScenarioEngine.evalKarateExpression(ScenarioEngine.java:2238)\n- com.intuit.karate.core.ScenarioEngine.evalKarateExpression(ScenarioEngine.java:2157)\n- com.intuit.karate.core.ScenarioEngine.request(ScenarioEngine.java:541)\n\nclasspath:ID_005_krtestoas_simulate_fault_POST_verified.feature:4\n"},{"result":{"nanos":0,"startTime":1742993028034,"endTime":1742993028034,"millis":0.0,"status":"skipped"},"step":{"line":5,"prefix":"When","index":2,"text":"method post"}},{"result":{"nanos":0,"startTime":1742993028034,"endTime":1742993028034,"millis":0.0,"status":"skipped"},"step":{"line":6,"prefix":"Then","index":3,"text":"status 401"}},{"result":{"nanos":0,"startTime":1742993028034,"endTime":1742993028034,"millis":0.0,"status":"skipped"},"step":{"line":7,"prefix":"And","index":4,"text":"match response contains 'Unauthorized'"}}],"line":2,"description":"","durationMillis":97.846,"failed":true,"error":"js failed:\n>>>>\n01: username='admin' and password='password'\n<<<<\norg.graalvm.polyglot.PolyglotException: SyntaxError: Unnamed:1:17 Expected ; but found and\r\nusername='admin' and password='password'\r\n                 ^\n\n- org.graalvm.polyglot.Context.eval(Context.java:425)\n- com.intuit.karate.graal.JsEngine.evalForValue(JsEngine.java:169)\n- com.intuit.karate.graal.JsEngine.eval(JsEngine.java:165)\n- com.intuit.karate.core.ScenarioEngine.evalJs(ScenarioEngine.java:1286)\n- com.intuit.karate.core.ScenarioEngine.evalKarateExpression(ScenarioEngine.java:2238)\n- com.intuit.karate.core.ScenarioEngine.evalKarateExpression(ScenarioEngine.java:2157)\n- com.intuit.karate.core.ScenarioEngine.request(ScenarioEngine.java:541)\n\nclasspath:ID_005_krtestoas_simulate_fault_POST_verified.feature:4","executorName":"main","name":"Verify that the \/simulate\/fault endpoint does not allow unauthorized access","startTime":1742993027935,"refId":"[1:2]","endTime":1742993028034,"exampleIndex":-1}],"callDepth":0,"name":"Test API for Broken Authentication\/Authorization","description":"","resultDate":"2025-03-26 02:43:48 PM","durationMillis":97.846,"passedCount":0}